0.off
dn1.cs.off
dn2.cs.off
dn3.cs.off
mn1.cs.off
mn2.cs.off
mn3.cs.off
sn1.cs.off
sn2.cs.off
sn3.cs.off
sn4.cs.off
sn5.cs.off
an1.cs.off
an2.cs.off
an3.cs.off
an4.cs.off
an5.cs.off
an6.cs.off
an7.cs.off
an8.cs.off
an9.cs.off
an10.cs.off
an11.cs.off
dn1.cs.num
dn2.cs.num
dn3.cs.num
mn1.cs.num
mn2.cs.num
mn3.cs.num
sn1.cs.num
sn2.cs.num
sn3.cs.num
sn4.cs.num
sn5.cs.num
an1.cs.num
an2.cs.num
an3.cs.num
an4.cs.num
an5.cs.num
an6.cs.num
an7.cs.num
an8.cs.num
an9.cs.num
an10.cs.num
an11.cs.num
roots.tsv
pss.tsv
bases.tsv
genders.tsv
nums.tsv
cass.tsv
meanings.tsv
parallels-dn.tsv
parallels-an.tsv
parallels-sn.tsv
parallels-an.tsv